[     157ms] [VERBOSE] [DOM] Input elements should have autocomplete attributes (suggested: "current-password"): (More info: https://goo.gl/9p2vKq) %o @ http://localhost:3000/login:0
[     191ms] [INFO] %cDownload the React DevTools for a better development experience: https://react.dev/link/react-devtools font-weight:bold @ http://localhost:3000/_next/static/chunks/node_modules_next_dist_115brz8._.js:2431
[     196ms] [ERROR] eval() is not supported in this environment. If this page was served with a `Content-Security-Policy` header, make sure that `unsafe-eval` is included. React requires eval() in development mode for various debugging features like reconstructing callstacks from a different environment.
React will never use eval() in production mode @ http://localhost:3000/_next/static/chunks/node_modules_next_dist_115brz8._.js:3272
[     235ms] [WARNING] <meta name="apple-mobile-web-app-capable" content="yes"> is deprecated. Please include <meta name="mobile-web-app-capable" content="yes"> @ http://localhost:3000/login:0
[     240ms] [WARNING] Error while trying to use the following icon from the Manifest: http://localhost:3000/icons/icon-192.png (Download error or resource isn't a valid image) @ http://localhost:3000/login:0
[    2537ms] [ERROR] WebSocket connection to 'ws://localhost:3000/_next/webpack-hmr?id=z3KxV5Vw8-uzbbEPHRC5j' failed: Error in connection establishment: net::ERR_CONNECTION_REFUSED @ http://localhost:3000/_next/static/chunks/node_modules_next_dist_client_0fhqo1d._.js:13299
[    5892ms] [ERROR] WebSocket connection to 'ws://localhost:3000/_next/webpack-hmr?id=z3KxV5Vw8-uzbbEPHRC5j' failed: Error in connection establishment: net::ERR_CONNECTION_REFUSED @ http://localhost:3000/_next/static/chunks/node_modules_next_dist_client_0fhqo1d._.js:13299
[    9245ms] [ERROR] WebSocket connection to 'ws://localhost:3000/_next/webpack-hmr?id=z3KxV5Vw8-uzbbEPHRC5j' failed: Error in connection establishment: net::ERR_CONNECTION_REFUSED @ http://localhost:3000/_next/static/chunks/node_modules_next_dist_client_0fhqo1d._.js:13299
[   12603ms] [ERROR] WebSocket connection to 'ws://localhost:3000/_next/webpack-hmr?id=z3KxV5Vw8-uzbbEPHRC5j' failed: Error in connection establishment: net::ERR_CONNECTION_REFUSED @ http://localhost:3000/_next/static/chunks/node_modules_next_dist_client_0fhqo1d._.js:13299
[   15983ms] [ERROR] WebSocket connection to 'ws://localhost:3000/_next/webpack-hmr?id=z3KxV5Vw8-uzbbEPHRC5j' failed: Error in connection establishment: net::ERR_CONNECTION_REFUSED @ http://localhost:3000/_next/static/chunks/node_modules_next_dist_client_0fhqo1d._.js:13299
[   19326ms] [ERROR] WebSocket connection to 'ws://localhost:3000/_next/webpack-hmr?id=z3KxV5Vw8-uzbbEPHRC5j' failed: Error in connection establishment: net::ERR_CONNECTION_REFUSED @ http://localhost:3000/_next/static/chunks/node_modules_next_dist_client_0fhqo1d._.js:13299
[   26685ms] [ERROR] WebSocket connection to 'ws://localhost:3000/_next/webpack-hmr?id=z3KxV5Vw8-uzbbEPHRC5j' failed: Error in connection establishment: net::ERR_CONNECTION_REFUSED @ http://localhost:3000/_next/static/chunks/node_modules_next_dist_client_0fhqo1d._.js:13299
[   34070ms] [ERROR] WebSocket connection to 'ws://localhost:3000/_next/webpack-hmr?id=z3KxV5Vw8-uzbbEPHRC5j' failed: Error in connection establishment: net::ERR_CONNECTION_REFUSED @ http://localhost:3000/_next/static/chunks/node_modules_next_dist_client_0fhqo1d._.js:13299
[   41445ms] [ERROR] WebSocket connection to 'ws://localhost:3000/_next/webpack-hmr?id=z3KxV5Vw8-uzbbEPHRC5j' failed: Error in connection establishment: net::ERR_CONNECTION_REFUSED @ http://localhost:3000/_next/static/chunks/node_modules_next_dist_client_0fhqo1d._.js:13299
[   48829ms] [ERROR] WebSocket connection to 'ws://localhost:3000/_next/webpack-hmr?id=z3KxV5Vw8-uzbbEPHRC5j' failed: Error in connection establishment: net::ERR_CONNECTION_REFUSED @ http://localhost:3000/_next/static/chunks/node_modules_next_dist_client_0fhqo1d._.js:13299
[   56270ms] [ERROR] WebSocket connection to 'ws://localhost:3000/_next/webpack-hmr?id=z3KxV5Vw8-uzbbEPHRC5j' failed: Error in connection establishment: net::ERR_CONNECTION_REFUSED @ http://localhost:3000/_next/static/chunks/node_modules_next_dist_client_0fhqo1d._.js:13299
[   63773ms] [ERROR] WebSocket connection to 'ws://localhost:3000/_next/webpack-hmr?id=z3KxV5Vw8-uzbbEPHRC5j' failed: Error in connection establishment: net::ERR_CONNECTION_REFUSED @ http://localhost:3000/_next/static/chunks/node_modules_next_dist_client_0fhqo1d._.js:13299
[   71365ms] [ERROR] WebSocket connection to 'ws://localhost:3000/_next/webpack-hmr?id=z3KxV5Vw8-uzbbEPHRC5j' failed: Error in connection establishment: net::ERR_CONNECTION_REFUSED @ http://localhost:3000/_next/static/chunks/node_modules_next_dist_client_0fhqo1d._.js:13299
[   71415ms] [VERBOSE] [DOM] Input elements should have autocomplete attributes (suggested: "current-password"): (More info: https://goo.gl/9p2vKq) %o @ http://localhost:3000/login:0
[   71461ms] [INFO] %cDownload the React DevTools for a better development experience: https://react.dev/link/react-devtools font-weight:bold @ http://localhost:3000/_next/static/chunks/node_modules_next_dist_115brz8._.js:2431
[   71466ms] [ERROR] eval() is not supported in this environment. If this page was served with a `Content-Security-Policy` header, make sure that `unsafe-eval` is included. React requires eval() in development mode for various debugging features like reconstructing callstacks from a different environment.
React will never use eval() in production mode @ http://localhost:3000/_next/static/chunks/node_modules_next_dist_115brz8._.js:3272
[   71498ms] [WARNING] <meta name="apple-mobile-web-app-capable" content="yes"> is deprecated. Please include <meta name="mobile-web-app-capable" content="yes"> @ http://localhost:3000/login:0
[   71505ms] [WARNING] Error while trying to use the following icon from the Manifest: http://localhost:3000/icons/icon-192.png (Download error or resource isn't a valid image) @ http://localhost:3000/login:0
[   74394ms] [ERROR] WebSocket connection to 'ws://localhost:3000/_next/webpack-hmr?id=z3KxV5Vw8-uzbbEPHRC5j' failed: Error in connection establishment: net::ERR_CONNECTION_REFUSED @ http://localhost:3000/_next/static/chunks/node_modules_next_dist_client_0fhqo1d._.js:13299
[   78244ms] [ERROR] WebSocket connection to 'ws://localhost:3000/_next/webpack-hmr?id=z3KxV5Vw8-uzbbEPHRC5j' failed: Error in connection establishment: net::ERR_CONNECTION_REFUSED @ http://localhost:3000/_next/static/chunks/node_modules_next_dist_client_0fhqo1d._.js:13299
[   83919ms] [ERROR] WebSocket connection to 'ws://localhost:3000/_next/webpack-hmr?id=z3KxV5Vw8-uzbbEPHRC5j' failed: Error in connection establishment: net::ERR_CONNECTION_REFUSED @ http://localhost:3000/_next/static/chunks/node_modules_next_dist_client_0fhqo1d._.js:13299
[   90012ms] [ERROR] WebSocket connection to 'ws://localhost:3000/_next/webpack-hmr?id=z3KxV5Vw8-uzbbEPHRC5j' failed: Error in connection establishment: net::ERR_CONNECTION_REFUSED @ http://localhost:3000/_next/static/chunks/node_modules_next_dist_client_0fhqo1d._.js:13299
[   95978ms] [ERROR] WebSocket connection to 'ws://localhost:3000/_next/webpack-hmr?id=z3KxV5Vw8-uzbbEPHRC5j' failed: Error in connection establishment: net::ERR_CONNECTION_REFUSED @ http://localhost:3000/_next/static/chunks/node_modules_next_dist_client_0fhqo1d._.js:13299
[  103658ms] [ERROR] WebSocket connection to 'ws://localhost:3000/_next/webpack-hmr?id=z3KxV5Vw8-uzbbEPHRC5j' failed: Error in connection establishment: net::ERR_CONNECTION_REFUSED @ http://localhost:3000/_next/static/chunks/node_modules_next_dist_client_0fhqo1d._.js:13299
[  113182ms] [ERROR] WebSocket connection to 'ws://localhost:3000/_next/webpack-hmr?id=z3KxV5Vw8-uzbbEPHRC5j' failed: Error in connection establishment: net::ERR_CONNECTION_REFUSED @ http://localhost:3000/_next/static/chunks/node_modules_next_dist_client_0fhqo1d._.js:13299
[  121935ms] [ERROR] WebSocket connection to 'ws://localhost:3000/_next/webpack-hmr?id=z3KxV5Vw8-uzbbEPHRC5j' failed: Error in connection establishment: net::ERR_CONNECTION_REFUSED @ http://localhost:3000/_next/static/chunks/node_modules_next_dist_client_0fhqo1d._.js:13299
[  136208ms] [VERBOSE] [DOM] Input elements should have autocomplete attributes (suggested: "current-password"): (More info: https://goo.gl/9p2vKq) %o @ http://localhost:3000/login:0
[  136237ms] [INFO] %cDownload the React DevTools for a better development experience: https://react.dev/link/react-devtools font-weight:bold @ http://localhost:3000/_next/static/chunks/node_modules_next_dist_115brz8._.js:2431
[  136241ms] [ERROR] eval() is not supported in this environment. If this page was served with a `Content-Security-Policy` header, make sure that `unsafe-eval` is included. React requires eval() in development mode for various debugging features like reconstructing callstacks from a different environment.
React will never use eval() in production mode @ http://localhost:3000/_next/static/chunks/node_modules_next_dist_115brz8._.js:3272
[  136268ms] [WARNING] <meta name="apple-mobile-web-app-capable" content="yes"> is deprecated. Please include <meta name="mobile-web-app-capable" content="yes"> @ http://localhost:3000/login:0
[  136272ms] [WARNING] Error while trying to use the following icon from the Manifest: http://localhost:3000/icons/icon-192.png (Download error or resource isn't a valid image) @ http://localhost:3000/login:0
[  138596ms] [ERROR] WebSocket connection to 'ws://localhost:3000/_next/webpack-hmr?id=z3KxV5Vw8-uzbbEPHRC5j' failed: Error in connection establishment: net::ERR_CONNECTION_REFUSED @ http://localhost:3000/_next/static/chunks/node_modules_next_dist_client_0fhqo1d._.js:13299
[  141945ms] [ERROR] WebSocket connection to 'ws://localhost:3000/_next/webpack-hmr?id=z3KxV5Vw8-uzbbEPHRC5j' failed: Error in connection establishment: net::ERR_CONNECTION_REFUSED @ http://localhost:3000/_next/static/chunks/node_modules_next_dist_client_0fhqo1d._.js:13299
[  145286ms] [ERROR] WebSocket connection to 'ws://localhost:3000/_next/webpack-hmr?id=z3KxV5Vw8-uzbbEPHRC5j' failed: Error in connection establishment: net::ERR_CONNECTION_REFUSED @ http://localhost:3000/_next/static/chunks/node_modules_next_dist_client_0fhqo1d._.js:13299
[  148646ms] [ERROR] WebSocket connection to 'ws://localhost:3000/_next/webpack-hmr?id=z3KxV5Vw8-uzbbEPHRC5j' failed: Error in connection establishment: net::ERR_CONNECTION_REFUSED @ http://localhost:3000/_next/static/chunks/node_modules_next_dist_client_0fhqo1d._.js:13299
[  151994ms] [ERROR] WebSocket connection to 'ws://localhost:3000/_next/webpack-hmr?id=z3KxV5Vw8-uzbbEPHRC5j' failed: Error in connection establishment: net::ERR_CONNECTION_REFUSED @ http://localhost:3000/_next/static/chunks/node_modules_next_dist_client_0fhqo1d._.js:13299
[  155345ms] [ERROR] WebSocket connection to 'ws://localhost:3000/_next/webpack-hmr?id=z3KxV5Vw8-uzbbEPHRC5j' failed: Error in connection establishment: net::ERR_CONNECTION_REFUSED @ http://localhost:3000/_next/static/chunks/node_modules_next_dist_client_0fhqo1d._.js:13299
[  162721ms] [ERROR] WebSocket connection to 'ws://localhost:3000/_next/webpack-hmr?id=z3KxV5Vw8-uzbbEPHRC5j' failed: Error in connection establishment: net::ERR_CONNECTION_REFUSED @ http://localhost:3000/_next/static/chunks/node_modules_next_dist_client_0fhqo1d._.js:13299
[  170114ms] [ERROR] WebSocket connection to 'ws://localhost:3000/_next/webpack-hmr?id=z3KxV5Vw8-uzbbEPHRC5j' failed: Error in connection establishment: net::ERR_CONNECTION_REFUSED @ http://localhost:3000/_next/static/chunks/node_modules_next_dist_client_0fhqo1d._.js:13299
[  177510ms] [ERROR] WebSocket connection to 'ws://localhost:3000/_next/webpack-hmr?id=z3KxV5Vw8-uzbbEPHRC5j' failed: Error in connection establishment: net::ERR_CONNECTION_REFUSED @ http://localhost:3000/_next/static/chunks/node_modules_next_dist_client_0fhqo1d._.js:13299
[  184896ms] [ERROR] WebSocket connection to 'ws://localhost:3000/_next/webpack-hmr?id=z3KxV5Vw8-uzbbEPHRC5j' failed: Error in connection establishment: net::ERR_CONNECTION_REFUSED @ http://localhost:3000/_next/static/chunks/node_modules_next_dist_client_0fhqo1d._.js:13299
[  192290ms] [ERROR] WebSocket connection to 'ws://localhost:3000/_next/webpack-hmr?id=z3KxV5Vw8-uzbbEPHRC5j' failed: Error in connection establishment: net::ERR_CONNECTION_REFUSED @ http://localhost:3000/_next/static/chunks/node_modules_next_dist_client_0fhqo1d._.js:13299
[  199721ms] [ERROR] WebSocket connection to 'ws://localhost:3000/_next/webpack-hmr?id=z3KxV5Vw8-uzbbEPHRC5j' failed: Error in connection establishment: net::ERR_CONNECTION_REFUSED @ http://localhost:3000/_next/static/chunks/node_modules_next_dist_client_0fhqo1d._.js:13299
[  207379ms] [ERROR] WebSocket connection to 'ws://localhost:3000/_next/webpack-hmr?id=z3KxV5Vw8-uzbbEPHRC5j' failed: Error in connection establishment: net::ERR_CONNECTION_REFUSED @ http://localhost:3000/_next/static/chunks/node_modules_next_dist_client_0fhqo1d._.js:13299
[  207424ms] [VERBOSE] [DOM] Input elements should have autocomplete attributes (suggested: "current-password"): (More info: https://goo.gl/9p2vKq) %o @ http://localhost:3000/login:0
[  207450ms] [INFO] %cDownload the React DevTools for a better development experience: https://react.dev/link/react-devtools font-weight:bold @ http://localhost:3000/_next/static/chunks/node_modules_next_dist_115brz8._.js:2431
[  207456ms] [ERROR] eval() is not supported in this environment. If this page was served with a `Content-Security-Policy` header, make sure that `unsafe-eval` is included. React requires eval() in development mode for various debugging features like reconstructing callstacks from a different environment.
React will never use eval() in production mode @ http://localhost:3000/_next/static/chunks/node_modules_next_dist_115brz8._.js:3272
[  207491ms] [WARNING] <meta name="apple-mobile-web-app-capable" content="yes"> is deprecated. Please include <meta name="mobile-web-app-capable" content="yes"> @ http://localhost:3000/login:0
[  207499ms] [WARNING] Error while trying to use the following icon from the Manifest: http://localhost:3000/icons/icon-192.png (Download error or resource isn't a valid image) @ http://localhost:3000/login:0
[  210438ms] [ERROR] WebSocket connection to 'ws://localhost:3000/_next/webpack-hmr?id=z3KxV5Vw8-uzbbEPHRC5j' failed: Error in connection establishment: net::ERR_CONNECTION_REFUSED @ http://localhost:3000/_next/static/chunks/node_modules_next_dist_client_0fhqo1d._.js:13299
[  214218ms] [ERROR] WebSocket connection to 'ws://localhost:3000/_next/webpack-hmr?id=z3KxV5Vw8-uzbbEPHRC5j' failed: Error in connection establishment: net::ERR_CONNECTION_REFUSED @ http://localhost:3000/_next/static/chunks/node_modules_next_dist_client_0fhqo1d._.js:13299
[  219063ms] [ERROR] WebSocket connection to 'ws://localhost:3000/_next/webpack-hmr?id=z3KxV5Vw8-uzbbEPHRC5j' failed: Error in connection establishment: net::ERR_CONNECTION_REFUSED @ http://localhost:3000/_next/static/chunks/node_modules_next_dist_client_0fhqo1d._.js:13299
[  226981ms] [ERROR] WebSocket connection to 'ws://localhost:3000/_next/webpack-hmr?id=z3KxV5Vw8-uzbbEPHRC5j' failed: Error in connection establishment: net::ERR_CONNECTION_REFUSED @ http://localhost:3000/_next/static/chunks/node_modules_next_dist_client_0fhqo1d._.js:13299
[  233292ms] [ERROR] WebSocket connection to 'ws://localhost:3000/_next/webpack-hmr?id=z3KxV5Vw8-uzbbEPHRC5j' failed: Error in connection establishment: net::ERR_CONNECTION_REFUSED @ http://localhost:3000/_next/static/chunks/node_modules_next_dist_client_0fhqo1d._.js:13299
[  240342ms] [ERROR] WebSocket connection to 'ws://localhost:3000/_next/webpack-hmr?id=z3KxV5Vw8-uzbbEPHRC5j' failed: Error in connection establishment: net::ERR_CONNECTION_REFUSED @ http://localhost:3000/_next/static/chunks/node_modules_next_dist_client_0fhqo1d._.js:13299
[  249220ms] [ERROR] WebSocket connection to 'ws://localhost:3000/_next/webpack-hmr?id=z3KxV5Vw8-uzbbEPHRC5j' failed: Error in connection establishment: net::ERR_CONNECTION_REFUSED @ http://localhost:3000/_next/static/chunks/node_modules_next_dist_client_0fhqo1d._.js:13299
[  258575ms] [ERROR] WebSocket connection to 'ws://localhost:3000/_next/webpack-hmr?id=z3KxV5Vw8-uzbbEPHRC5j' failed: Error in connection establishment: net::ERR_CONNECTION_REFUSED @ http://localhost:3000/_next/static/chunks/node_modules_next_dist_client_0fhqo1d._.js:13299
[  269452ms] [ERROR] WebSocket connection to 'ws://localhost:3000/_next/webpack-hmr?id=z3KxV5Vw8-uzbbEPHRC5j' failed: Error in connection establishment: net::ERR_CONNECTION_REFUSED @ http://localhost:3000/_next/static/chunks/node_modules_next_dist_client_0fhqo1d._.js:13299
[  281549ms] [ERROR] WebSocket connection to 'ws://localhost:3000/_next/webpack-hmr?id=z3KxV5Vw8-uzbbEPHRC5j' failed: Error in connection establishment: net::ERR_CONNECTION_REFUSED @ http://localhost:3000/_next/static/chunks/node_modules_next_dist_client_0fhqo1d._.js:13299
[  293043ms] [ERROR] WebSocket connection to 'ws://localhost:3000/_next/webpack-hmr?id=z3KxV5Vw8-uzbbEPHRC5j' failed: Error in connection establishment: net::ERR_CONNECTION_REFUSED @ http://localhost:3000/_next/static/chunks/node_modules_next_dist_client_0fhqo1d._.js:13299
[  301487ms] [ERROR] WebSocket connection to 'ws://localhost:3000/_next/webpack-hmr?id=z3KxV5Vw8-uzbbEPHRC5j' failed: Error in connection establishment: net::ERR_CONNECTION_REFUSED @ http://localhost:3000/_next/static/chunks/node_modules_next_dist_client_0fhqo1d._.js:13299
[  313380ms] [ERROR] WebSocket connection to 'ws://localhost:3000/_next/webpack-hmr?id=z3KxV5Vw8-uzbbEPHRC5j' failed: Error in connection establishment: net::ERR_CONNECTION_REFUSED @ http://localhost:3000/_next/static/chunks/node_modules_next_dist_client_0fhqo1d._.js:13299
[  313424ms] [VERBOSE] [DOM] Input elements should have autocomplete attributes (suggested: "current-password"): (More info: https://goo.gl/9p2vKq) %o @ http://localhost:3000/login:0
[  313456ms] [INFO] %cDownload the React DevTools for a better development experience: https://react.dev/link/react-devtools font-weight:bold @ http://localhost:3000/_next/static/chunks/node_modules_next_dist_115brz8._.js:2431
[  313462ms] [ERROR] eval() is not supported in this environment. If this page was served with a `Content-Security-Policy` header, make sure that `unsafe-eval` is included. React requires eval() in development mode for various debugging features like reconstructing callstacks from a different environment.
React will never use eval() in production mode @ http://localhost:3000/_next/static/chunks/node_modules_next_dist_115brz8._.js:3272
[  313500ms] [WARNING] <meta name="apple-mobile-web-app-capable" content="yes"> is deprecated. Please include <meta name="mobile-web-app-capable" content="yes"> @ http://localhost:3000/login:0
[  313506ms] [WARNING] Error while trying to use the following icon from the Manifest: http://localhost:3000/icons/icon-192.png (Download error or resource isn't a valid image) @ http://localhost:3000/login:0
[  319905ms] [ERROR] WebSocket connection to 'ws://localhost:3000/_next/webpack-hmr?id=z3KxV5Vw8-uzbbEPHRC5j' failed: Error in connection establishment: net::ERR_CONNECTION_REFUSED @ http://localhost:3000/_next/static/chunks/node_modules_next_dist_client_0fhqo1d._.js:13299
[  327110ms] [ERROR] WebSocket connection to 'ws://localhost:3000/_next/webpack-hmr?id=z3KxV5Vw8-uzbbEPHRC5j' failed: Error in connection establishment: net::ERR_CONNECTION_REFUSED @ http://localhost:3000/_next/static/chunks/node_modules_next_dist_client_0fhqo1d._.js:13299
[  331619ms] [ERROR] WebSocket connection to 'ws://localhost:3000/_next/webpack-hmr?id=z3KxV5Vw8-uzbbEPHRC5j' failed: Error in connection establishment: net::ERR_CONNECTION_REFUSED @ http://localhost:3000/_next/static/chunks/node_modules_next_dist_client_0fhqo1d._.js:13299
[  336732ms] [ERROR] WebSocket connection to 'ws://localhost:3000/_next/webpack-hmr?id=z3KxV5Vw8-uzbbEPHRC5j' failed: Error in connection establishment: net::ERR_CONNECTION_REFUSED @ http://localhost:3000/_next/static/chunks/node_modules_next_dist_client_0fhqo1d._.js:13299
[  341814ms] [ERROR] WebSocket connection to 'ws://localhost:3000/_next/webpack-hmr?id=z3KxV5Vw8-uzbbEPHRC5j' failed: Error in connection establishment: net::ERR_CONNECTION_REFUSED @ http://localhost:3000/_next/static/chunks/node_modules_next_dist_client_0fhqo1d._.js:13299
[  348675ms] [ERROR] WebSocket connection to 'ws://localhost:3000/_next/webpack-hmr?id=z3KxV5Vw8-uzbbEPHRC5j' failed: Error in connection establishment: net::ERR_CONNECTION_REFUSED @ http://localhost:3000/_next/static/chunks/node_modules_next_dist_client_0fhqo1d._.js:13299
[  360556ms] [ERROR] WebSocket connection to 'ws://localhost:3000/_next/webpack-hmr?id=z3KxV5Vw8-uzbbEPHRC5j' failed: Error in connection establishment: net::ERR_CONNECTION_REFUSED @ http://localhost:3000/_next/static/chunks/node_modules_next_dist_client_0fhqo1d._.js:13299
[  368873ms] [ERROR] WebSocket connection to 'ws://localhost:3000/_next/webpack-hmr?id=z3KxV5Vw8-uzbbEPHRC5j' failed: Error in connection establishment: net::ERR_CONNECTION_REFUSED @ http://localhost:3000/_next/static/chunks/node_modules_next_dist_client_0fhqo1d._.js:13299
[  380992ms] [ERROR] WebSocket connection to 'ws://localhost:3000/_next/webpack-hmr?id=z3KxV5Vw8-uzbbEPHRC5j' failed: Error in connection establishment: net::ERR_CONNECTION_REFUSED @ http://localhost:3000/_next/static/chunks/node_modules_next_dist_client_0fhqo1d._.js:13299
[  392933ms] [ERROR] WebSocket connection to 'ws://localhost:3000/_next/webpack-hmr?id=z3KxV5Vw8-uzbbEPHRC5j' failed: Error in connection establishment: net::ERR_CONNECTION_REFUSED @ http://localhost:3000/_next/static/chunks/node_modules_next_dist_client_0fhqo1d._.js:13299
[  405269ms] [ERROR] WebSocket connection to 'ws://localhost:3000/_next/webpack-hmr?id=z3KxV5Vw8-uzbbEPHRC5j' failed: Error in connection establishment: net::ERR_CONNECTION_REFUSED @ http://localhost:3000/_next/static/chunks/node_modules_next_dist_client_0fhqo1d._.js:13299
[  414051ms] [ERROR] WebSocket connection to 'ws://localhost:3000/_next/webpack-hmr?id=z3KxV5Vw8-uzbbEPHRC5j' failed: Error in connection establishment: net::ERR_CONNECTION_REFUSED @ http://localhost:3000/_next/static/chunks/node_modules_next_dist_client_0fhqo1d._.js:13299
[  424817ms] [ERROR] WebSocket connection to 'ws://localhost:3000/_next/webpack-hmr?id=z3KxV5Vw8-uzbbEPHRC5j' failed: Error in connection establishment: net::ERR_CONNECTION_REFUSED @ http://localhost:3000/_next/static/chunks/node_modules_next_dist_client_0fhqo1d._.js:13299
[  424862ms] [VERBOSE] [DOM] Input elements should have autocomplete attributes (suggested: "current-password"): (More info: https://goo.gl/9p2vKq) %o @ http://localhost:3000/login:0
[  424899ms] [INFO] %cDownload the React DevTools for a better development experience: https://react.dev/link/react-devtools font-weight:bold @ http://localhost:3000/_next/static/chunks/node_modules_next_dist_115brz8._.js:2431
[  424903ms] [ERROR] eval() is not supported in this environment. If this page was served with a `Content-Security-Policy` header, make sure that `unsafe-eval` is included. React requires eval() in development mode for various debugging features like reconstructing callstacks from a different environment.
React will never use eval() in production mode @ http://localhost:3000/_next/static/chunks/node_modules_next_dist_115brz8._.js:3272
[  424947ms] [WARNING] <meta name="apple-mobile-web-app-capable" content="yes"> is deprecated. Please include <meta name="mobile-web-app-capable" content="yes"> @ http://localhost:3000/login:0
[  424953ms] [WARNING] Error while trying to use the following icon from the Manifest: http://localhost:3000/icons/icon-192.png (Download error or resource isn't a valid image) @ http://localhost:3000/login:0
[  429253ms] [ERROR] WebSocket connection to 'ws://localhost:3000/_next/webpack-hmr?id=z3KxV5Vw8-uzbbEPHRC5j' failed: Error in connection establishment: net::ERR_CONNECTION_REFUSED @ http://localhost:3000/_next/static/chunks/node_modules_next_dist_client_0fhqo1d._.js:13299
[  436527ms] [ERROR] WebSocket connection to 'ws://localhost:3000/_next/webpack-hmr?id=z3KxV5Vw8-uzbbEPHRC5j' failed: Error in connection establishment: net::ERR_CONNECTION_REFUSED @ http://localhost:3000/_next/static/chunks/node_modules_next_dist_client_0fhqo1d._.js:13299
[  441123ms] [ERROR] WebSocket connection to 'ws://localhost:3000/_next/webpack-hmr?id=z3KxV5Vw8-uzbbEPHRC5j' failed: Error in connection establishment: net::ERR_CONNECTION_REFUSED @ http://localhost:3000/_next/static/chunks/node_modules_next_dist_client_0fhqo1d._.js:13299
[  448124ms] [ERROR] WebSocket connection to 'ws://localhost:3000/_next/webpack-hmr?id=z3KxV5Vw8-uzbbEPHRC5j' failed: Error in connection establishment: net::ERR_CONNECTION_REFUSED @ http://localhost:3000/_next/static/chunks/node_modules_next_dist_client_0fhqo1d._.js:13299
[  456409ms] [ERROR] WebSocket connection to 'ws://localhost:3000/_next/webpack-hmr?id=z3KxV5Vw8-uzbbEPHRC5j' failed: Error in connection establishment: net::ERR_CONNECTION_REFUSED @ http://localhost:3000/_next/static/chunks/node_modules_next_dist_client_0fhqo1d._.js:13299
[  462039ms] [ERROR] WebSocket connection to 'ws://localhost:3000/_next/webpack-hmr?id=z3KxV5Vw8-uzbbEPHRC5j' failed: Error in connection establishment: net::ERR_CONNECTION_REFUSED @ http://localhost:3000/_next/static/chunks/node_modules_next_dist_client_0fhqo1d._.js:13299
[  472648ms] [ERROR] WebSocket connection to 'ws://localhost:3000/_next/webpack-hmr?id=z3KxV5Vw8-uzbbEPHRC5j' failed: Error in connection establishment: net::ERR_CONNECTION_REFUSED @ http://localhost:3000/_next/static/chunks/node_modules_next_dist_client_0fhqo1d._.js:13299
[  481670ms] [ERROR] WebSocket connection to 'ws://localhost:3000/_next/webpack-hmr?id=z3KxV5Vw8-uzbbEPHRC5j' failed: Error in connection establishment: net::ERR_CONNECTION_REFUSED @ http://localhost:3000/_next/static/chunks/node_modules_next_dist_client_0fhqo1d._.js:13299
[  490223ms] [ERROR] WebSocket connection to 'ws://localhost:3000/_next/webpack-hmr?id=z3KxV5Vw8-uzbbEPHRC5j' failed: Error in connection establishment: net::ERR_CONNECTION_REFUSED @ http://localhost:3000/_next/static/chunks/node_modules_next_dist_client_0fhqo1d._.js:13299
[  498689ms] [ERROR] WebSocket connection to 'ws://localhost:3000/_next/webpack-hmr?id=z3KxV5Vw8-uzbbEPHRC5j' failed: Error in connection establishment: net::ERR_CONNECTION_REFUSED @ http://localhost:3000/_next/static/chunks/node_modules_next_dist_client_0fhqo1d._.js:13299
[  506384ms] [VERBOSE] [DOM] Input elements should have autocomplete attributes (suggested: "current-password"): (More info: https://goo.gl/9p2vKq) %o @ http://localhost:3000/login:0
[  506398ms] [INFO] %cDownload the React DevTools for a better development experience: https://react.dev/link/react-devtools font-weight:bold @ http://localhost:3000/_next/static/chunks/node_modules_next_dist_115brz8._.js:2431
[  506401ms] [ERROR] eval() is not supported in this environment. If this page was served with a `Content-Security-Policy` header, make sure that `unsafe-eval` is included. React requires eval() in development mode for various debugging features like reconstructing callstacks from a different environment.
React will never use eval() in production mode @ http://localhost:3000/_next/static/chunks/node_modules_next_dist_115brz8._.js:3272
[  506423ms] [WARNING] <meta name="apple-mobile-web-app-capable" content="yes"> is deprecated. Please include <meta name="mobile-web-app-capable" content="yes"> @ http://localhost:3000/login:0
[  506427ms] [WARNING] Error while trying to use the following icon from the Manifest: http://localhost:3000/icons/icon-192.png (Download error or resource isn't a valid image) @ http://localhost:3000/login:0
[  507099ms] [VERBOSE] [DOM] Input elements should have autocomplete attributes (suggested: "current-password"): (More info: https://goo.gl/9p2vKq) %o @ http://localhost:3000/login:0
[  507116ms] [INFO] %cDownload the React DevTools for a better development experience: https://react.dev/link/react-devtools font-weight:bold @ http://localhost:3000/_next/static/chunks/node_modules_next_dist_115brz8._.js:2431
[  507118ms] [ERROR] eval() is not supported in this environment. If this page was served with a `Content-Security-Policy` header, make sure that `unsafe-eval` is included. React requires eval() in development mode for various debugging features like reconstructing callstacks from a different environment.
React will never use eval() in production mode @ http://localhost:3000/_next/static/chunks/node_modules_next_dist_115brz8._.js:3272
[  507144ms] [WARNING] <meta name="apple-mobile-web-app-capable" content="yes"> is deprecated. Please include <meta name="mobile-web-app-capable" content="yes"> @ http://localhost:3000/login:0
[  507148ms] [WARNING] Error while trying to use the following icon from the Manifest: http://localhost:3000/icons/icon-192.png (Download error or resource isn't a valid image) @ http://localhost:3000/login:0
[  507280ms] [VERBOSE] [DOM] Input elements should have autocomplete attributes (suggested: "current-password"): (More info: https://goo.gl/9p2vKq) %o @ http://localhost:3000/login:0
[  507298ms] [INFO] %cDownload the React DevTools for a better development experience: https://react.dev/link/react-devtools font-weight:bold @ http://localhost:3000/_next/static/chunks/node_modules_next_dist_115brz8._.js:2431
[  507300ms] [ERROR] eval() is not supported in this environment. If this page was served with a `Content-Security-Policy` header, make sure that `unsafe-eval` is included. React requires eval() in development mode for various debugging features like reconstructing callstacks from a different environment.
React will never use eval() in production mode @ http://localhost:3000/_next/static/chunks/node_modules_next_dist_115brz8._.js:3272
[  507318ms] [WARNING] <meta name="apple-mobile-web-app-capable" content="yes"> is deprecated. Please include <meta name="mobile-web-app-capable" content="yes"> @ http://localhost:3000/login:0
[  507322ms] [WARNING] Error while trying to use the following icon from the Manifest: http://localhost:3000/icons/icon-192.png (Download error or resource isn't a valid image) @ http://localhost:3000/login:0
